c:\users\khc11\onedrive\바탕 화면\project\directx11study\gamecoding\x64\debug\vc143.pdb
c:\users\khc11\onedrive\바탕 화면\project\directx11study\gamecoding\x64\debug\vc143.idb
c:\users\khc11\onedrive\바탕 화면\project\directx11study\gamecoding\x64\debug\vertexbuffer.obj
c:\users\khc11\onedrive\바탕 화면\project\directx11study\gamecoding\x64\debug\simplemath.obj
c:\users\khc11\onedrive\바탕 화면\project\directx11study\gamecoding\x64\debug\inputlayout.obj
c:\users\khc11\onedrive\바탕 화면\project\directx11study\gamecoding\x64\debug\indexbuffer.obj
c:\users\khc11\onedrive\바탕 화면\project\directx11study\gamecoding\x64\debug\graphics.obj
c:\users\khc11\onedrive\바탕 화면\project\directx11study\gamecoding\x64\debug\gamecoding.obj
c:\users\khc11\onedrive\바탕 화면\project\directx11study\gamecoding\x64\debug\game.obj
c:\users\khc11\onedrive\바탕 화면\project\directx11study\gamecoding\x64\debug\geometry.obj
c:\users\khc11\onedrive\바탕 화면\project\directx11study\gamecoding\x64\debug\geometryhelper.obj
c:\users\khc11\onedrive\바탕 화면\project\directx11study\gamecoding\x64\debug\vertexdata.obj
c:\users\khc11\onedrive\바탕 화면\project\directx11study\binaries\default.cso
c:\users\khc11\onedrive\바탕 화면\project\directx11study\binaries\gamecoding.exe
c:\users\khc11\onedrive\바탕 화면\project\directx11study\binaries\gamecoding.pdb
c:\users\khc11\onedrive\바탕 화면\project\directx11study\gamecoding\x64\debug\gamecoding.res
c:\users\khc11\onedrive\바탕 화면\project\directx11study\gamecoding\x64\debug\gamecoding.ilk
c:\users\khc11\onedrive\바탕 화면\project\directx11study\gamecoding\x64\debug\gamecoding.tlog\cl.command.1.tlog
c:\users\khc11\onedrive\바탕 화면\project\directx11study\gamecoding\x64\debug\gamecoding.tlog\cl.items.tlog
c:\users\khc11\onedrive\바탕 화면\project\directx11study\gamecoding\x64\debug\gamecoding.tlog\cl.read.1.tlog
c:\users\khc11\onedrive\바탕 화면\project\directx11study\gamecoding\x64\debug\gamecoding.tlog\cl.write.1.tlog
c:\users\khc11\onedrive\바탕 화면\project\directx11study\gamecoding\x64\debug\gamecoding.tlog\fxc.command.1.tlog
c:\users\khc11\onedrive\바탕 화면\project\directx11study\gamecoding\x64\debug\gamecoding.tlog\fxc.read.1.tlog
c:\users\khc11\onedrive\바탕 화면\project\directx11study\gamecoding\x64\debug\gamecoding.tlog\fxc.write.1.tlog
c:\users\khc11\onedrive\바탕 화면\project\directx11study\gamecoding\x64\debug\gamecoding.tlog\link-cvtres.read.1.tlog
c:\users\khc11\onedrive\바탕 화면\project\directx11study\gamecoding\x64\debug\gamecoding.tlog\link-cvtres.write.1.tlog
c:\users\khc11\onedrive\바탕 화면\project\directx11study\gamecoding\x64\debug\gamecoding.tlog\link-rc.read.1.tlog
c:\users\khc11\onedrive\바탕 화면\project\directx11study\gamecoding\x64\debug\gamecoding.tlog\link-rc.write.1.tlog
c:\users\khc11\onedrive\바탕 화면\project\directx11study\gamecoding\x64\debug\gamecoding.tlog\link.29460-cvtres.read.1.tlog
c:\users\khc11\onedrive\바탕 화면\project\directx11study\gamecoding\x64\debug\gamecoding.tlog\link.29460-cvtres.write.1.tlog
c:\users\khc11\onedrive\바탕 화면\project\directx11study\gamecoding\x64\debug\gamecoding.tlog\link.29460-rc.read.1.tlog
c:\users\khc11\onedrive\바탕 화면\project\directx11study\gamecoding\x64\debug\gamecoding.tlog\link.29460-rc.write.1.tlog
c:\users\khc11\onedrive\바탕 화면\project\directx11study\gamecoding\x64\debug\gamecoding.tlog\link.29460.read.1.tlog
c:\users\khc11\onedrive\바탕 화면\project\directx11study\gamecoding\x64\debug\gamecoding.tlog\link.29460.read.2.tlog
c:\users\khc11\onedrive\바탕 화면\project\directx11study\gamecoding\x64\debug\gamecoding.tlog\link.29460.write.1.tlog
c:\users\khc11\onedrive\바탕 화면\project\directx11study\gamecoding\x64\debug\gamecoding.tlog\link.command.1.tlog
c:\users\khc11\onedrive\바탕 화면\project\directx11study\gamecoding\x64\debug\gamecoding.tlog\link.read.1.tlog
c:\users\khc11\onedrive\바탕 화면\project\directx11study\gamecoding\x64\debug\gamecoding.tlog\link.read.2.tlog
c:\users\khc11\onedrive\바탕 화면\project\directx11study\gamecoding\x64\debug\gamecoding.tlog\link.secondary.1.tlog
c:\users\khc11\onedrive\바탕 화면\project\directx11study\gamecoding\x64\debug\gamecoding.tlog\link.write.1.tlog
c:\users\khc11\onedrive\바탕 화면\project\directx11study\gamecoding\x64\debug\gamecoding.tlog\rc.command.1.tlog
c:\users\khc11\onedrive\바탕 화면\project\directx11study\gamecoding\x64\debug\gamecoding.tlog\rc.read.1.tlog
c:\users\khc11\onedrive\바탕 화면\project\directx11study\gamecoding\x64\debug\gamecoding.tlog\rc.write.1.tlog
